<?xml version="1.0" encoding="UTF-8" ?>
<testsuite tests="18" failures="0" name="nz.ac.auckland.Anime.test.animeApplicationTest" time="1.187" errors="0" skipped="0">
  <properties>
[...]
</properties>
  <testcase classname="nz.ac.auckland.Anime.test.animeApplicationTest" name="addAnime" time="0.581"/>
  <testcase classname="nz.ac.auckland.Anime.test.animeApplicationTest" name="addForum" time="0.035"/>
  <testcase classname="nz.ac.auckland.Anime.test.animeApplicationTest" name="deleteAnime" time="0.166"/>
  <testcase classname="nz.ac.auckland.Anime.test.animeApplicationTest" name="addClub" time="0.045"/>
  <testcase classname="nz.ac.auckland.Anime.test.animeApplicationTest" name="addUser" time="0.027"/>
  <testcase classname="nz.ac.auckland.Anime.test.animeApplicationTest" name="deleteForum" time="0.025"/>
  <testcase classname="nz.ac.auckland.Anime.test.animeApplicationTest" name="updateRating" time="0.029"/>
  <testcase classname="nz.ac.auckland.Anime.test.animeApplicationTest" name="updateReview" time="0.027"/>
  <testcase classname="nz.ac.auckland.Anime.test.animeApplicationTest" name="deleteRating" time="0.026"/>
  <testcase classname="nz.ac.auckland.Anime.test.animeApplicationTest" name="deleteReview" time="0.047"/>
  <testcase classname="nz.ac.auckland.Anime.test.animeApplicationTest" name="updateAnime" time="0.021"/>
  <testcase classname="nz.ac.auckland.Anime.test.animeApplicationTest" name="updateForum" time="0.025"/>
  <testcase classname="nz.ac.auckland.Anime.test.animeApplicationTest" name="updateClub" time="0.022"/>
  <testcase classname="nz.ac.auckland.Anime.test.animeApplicationTest" name="updateUser" time="0.018"/>
  <testcase classname="nz.ac.auckland.Anime.test.animeApplicationTest" name="addRating" time="0.021"/>
  <testcase classname="nz.ac.auckland.Anime.test.animeApplicationTest" name="addReview" time="0.015"/>
  <testcase classname="nz.ac.auckland.Anime.test.animeApplicationTest" name="deleteClub" time="0.024"/>
  <testcase classname="nz.ac.auckland.Anime.test.animeApplicationTest" name="deleteUser" time="0.033"/>
</testsuite>